2024-08-21T12:22:53.254Z
cwd: ~/Documents/updates/backups/apply-for-pip-prototype
package: govuk-prototype-kit@13.16.2
argv: ~/.nvm/versions/node/v20.11.1/bin/node ~/.npm/_npx/751a68202a4807b7/node_modules/.bin/govuk-prototype-kit migrate
Started [Check migration is being applied to a pre v13 prototype]
Succeeded [Check migration is being applied to a pre v13 prototype]
2024-08-21T12:23:00.731Z
cwd: ~/Documents/updates/backups/apply-for-pip-prototype
package: govuk-prototype-kit@13.16.2
argv: ~/.nvm/versions/node/v20.11.1/bin/node ~/Documents/updates/backups/apply-for-pip-prototype/node_modules/.bin/govuk-prototype-kit migrate -- ~/Documents/updates/backups/apply-for-pip-prototype
Started [Migrate config.js to config.json]
Started [Update application SCSS file]
Started [Deleted files that are no longer needed]
Started [Deleted directories that are no longer needed]
Started [Delete server.js]
Started [Delete listen-on-port.js]
Started [Delete start.js]
Started [Delete VERSION.txt]
Started [Delete Procfile]
Started [Delete app/assets/sass/application-ie8.scss]
Started [Delete app/assets/sass/unbranded-ie8.scss]
Started [Remove unused directory docs]
Started [Remove unused directory lib]
Succeeded [Migrate config.js to config.json]
Succeeded [Delete server.js]
Succeeded [Delete listen-on-port.js]
Succeeded [Delete start.js]
Succeeded [Delete Procfile]
Succeeded [Delete app/assets/sass/application-ie8.scss]
Succeeded [Delete VERSION.txt]
Succeeded [Delete app/assets/sass/unbranded-ie8.scss]
Succeeded [Deleted files that are no longer needed]
Started [Overwrite app/assets/javascripts/application.js]
Started [Delete app/assets/images/separator-2x.png]
Could not found [// Add your routes here - above the module.exports line] in [app/routes.js], aborting
Started [Delete app/assets/images/unbranded.ico]
Started [Delete app/assets/images/separator.png]
Started [Delete app/assets/javascripts/auto-store-data.js]
Started [Delete app/assets/sass/unbranded.scss]
Started [Overwrite app/filters.js]
Started [Delete app/assets/javascripts/jquery-1.11.3.js]
Started [Overwrite app/views/layout.html]
Started [Delete app/views/includes/breadcrumb_examples.html]
Started [Delete app/views/includes/cookie-banner.html]
Started [Delete app/views/includes/head.html]
Started [Delete app/assets/sass/patterns/_mainstream-guide.scss]
Started [Delete app/assets/sass/patterns/_contents-list.scss]
Started [Delete app/assets/sass/patterns/_pagination.scss]
Started [Delete app/assets/sass/patterns/_related-items.scss]
Started [Delete app/views/includes/scripts.html]
Started [Delete app/views/layout_unbranded.html]
Started [Delete app/assets/sass/patterns/_step-by-step-header.scss]
Started [Update app/assets/javascripts/application.js]
Started [Delete app/assets/sass/patterns/_step-by-step-nav.scss]
Started [Delete app/assets/sass/patterns/_step-by-step-related.scss]
Failed [Update routes file]
Copying from [node_modules/govuk-prototype-kit/prototype-starter/app/filters.js] to [app/filters.js]
Started [Delete app/assets/sass/patterns/_task-list.scss]
Failed [Overwrite app/views/layout.html]
Found [// Add extra styles here, or re-organise the Sass files in whichever way makes most sense to you] in [app/assets/sass/application.scss], replacing
Succeeded [Delete app/assets/images/separator-2x.png]
Succeeded [Delete app/assets/images/unbranded.ico]
Succeeded [Delete app/assets/images/separator.png]
Keeping these lines from old file
Succeeded [Delete app/assets/javascripts/auto-store-data.js]
Succeeded [Delete app/assets/sass/unbranded.scss]
Succeeded [Delete app/views/includes/breadcrumb_examples.html]
Succeeded [Delete app/assets/javascripts/jquery-1.11.3.js]
Succeeded [Delete app/views/includes/head.html]
Succeeded [Delete app/views/includes/cookie-banner.html]
Succeeded [Delete app/assets/sass/patterns/_mainstream-guide.scss]
Succeeded [Delete app/assets/sass/patterns/_contents-list.scss]
Succeeded [Delete app/assets/sass/patterns/_pagination.scss]
Succeeded [Delete app/views/includes/scripts.html]
Succeeded [Delete app/assets/sass/patterns/_related-items.scss]
Succeeded [Delete app/views/layout_unbranded.html]
Succeeded [Delete app/assets/sass/patterns/_step-by-step-header.scss]
Succeeded [Delete app/assets/sass/patterns/_step-by-step-nav.scss]
Succeeded [Delete app/assets/sass/patterns/_step-by-step-related.scss]
Succeeded [Delete app/assets/sass/patterns/_task-list.scss]
Succeeded [Update app/assets/javascripts/application.js]
Succeeded [Update application SCSS file]
Succeeded [Overwrite app/assets/javascripts/application.js]
Succeeded [Remove unused directory lib]
Succeeded [Remove unused directory docs]
Succeeded [Deleted directories that are no longer needed]
Succeeded [Overwrite app/filters.js]
ENOENT: no such file or directory, stat '/Users/ben.raine/Documents/updates/backups/apply-for-pip-prototype/app/views/layout_unbranded.html'
Error: ENOENT: no such file or directory, stat '/Users/ben.raine/Documents/updates/backups/apply-for-pip-prototype/app/views/layout_unbranded.html'
